<?xml version="1.0" encoding="UTF-8"?>
<!-- Generated by org.testng.reporters.JUnitReportReporter -->
<testsuite skipped="0" hostname="Greens-12-PC" name="org.hexa.A" tests="2" failures="0" timestamp="26 Nov 2019 15:13:40 GMT" time="30.170" errors="0">
  <testcase name="tc1" time="22.949" classname="org.hexa.A"/>
  <testcase name="tc1" time="7.221" classname="org.hexa.A"/>
</testsuite> <!-- org.hexa.A -->
