<?xml version="1.0" encoding="UTF-8"?>
<!-- Generated by org.testng.reporters.JUnitReportReporter -->
<testsuite skipped="0" hostname="Greens-12-PC" name="org.hexa.Sriclass" tests="1" failures="0" timestamp="26 Nov 2019 13:47:49 GMT" time="9.094" errors="0">
  <testcase name="tc2" time="9.094" classname="org.hexa.Sriclass"/>
</testsuite> <!-- org.hexa.Sriclass -->
